{"/Users/dayanasog/Desktop/gostack-desafio-6/src/app.ts": {"path":"/Users/dayanasog/Desktop/gostack-desafio-6/src/app.ts","statementMap":{"0":{"start":{"line":1,"column":0},"end":{"line":1,"column":26}},"1":{"start":{"line":2,"column":0},"end":{"line":2,"column":23}},"2":{"start":{"line":4,"column":0},"end":{"line":4,"column":67}},"3":{"start":{"line":5,"column":0},"end":{"line":5,"column":30}},"4":{"start":{"line":7,"column":0},"end":{"line":7,"column":30}},"5":{"start":{"line":8,"column":0},"end":{"line":8,"column":41}},"6":{"start":{"line":10,"column":0},"end":{"line":10,"column":42}},"7":{"start":{"line":12,"column":0},"end":{"line":12,"column":19}},"8":{"start":{"line":13,"column":12},"end":{"line":13,"column":21}},"9":{"start":{"line":15,"column":0},"end":{"line":15,"column":24}},"10":{"start":{"line":16,"column":0},"end":{"line":16,"column":16}},"11":{"start":{"line":18,"column":0},"end":{"line":32,"column":3}},"12":{"start":{"line":19,"column":2},"end":{"line":24,"column":null}},"13":{"start":{"line":20,"column":4},"end":{"line":23,"column":7}},"14":{"start":{"line":26,"column":2},"end":{"line":26,"column":21}},"15":{"start":{"line":28,"column":2},"end":{"line":31,"column":5}},"16":{"start":{"line":34,"column":0},"end":{"line":34,"column":19}}},"fnMap":{"0":{"name":"(anonymous_1)","decl":{"start":{"line":18,"column":8},"end":{"line":18,"column":9}},"loc":{"start":{"line":18,"column":74},"end":{"line":32,"column":1}}}},"branchMap":{"0":{"loc":{"start":{"line":19,"column":2},"end":{"line":24,"column":null}},"type":"if","locations":[{"start":{"line":19,"column":2},"end":{"line":24,"column":null}},{"start":{"line":19,"column":2},"end":{"line":24,"column":null}}]}},"s":{"0":1,"1":1,"2":1,"3":1,"4":1,"5":1,"6":1,"7":1,"8":1,"9":1,"10":1,"11":1,"12":1,"13":1,"14":0,"15":0,"16":1},"f":{"0":1},"b":{"0":[1,0]}}
,"/Users/dayanasog/Desktop/gostack-desafio-6/src/config/upload.ts": {"path":"/Users/dayanasog/Desktop/gostack-desafio-6/src/config/upload.ts","statementMap":{"0":{"start":{"line":1,"column":0},"end":{"line":1,"column":24}},"1":{"start":{"line":2,"column":0},"end":{"line":2,"column":28}},"2":{"start":{"line":3,"column":0},"end":{"line":3,"column":28}},"3":{"start":{"line":5,"column":18},"end":{"line":5,"column":60}},"4":{"start":{"line":7,"column":0},"end":{"line":19,"column":2}},"5":{"start":{"line":13,"column":23},"end":{"line":13,"column":61}},"6":{"start":{"line":14,"column":26},"end":{"line":14,"column":57}},"7":{"start":{"line":16,"column":6},"end":{"line":16,"column":38}}},"fnMap":{"0":{"name":"(anonymous_1)","decl":{"start":{"line":12,"column":12},"end":{"line":12,"column":13}},"loc":{"start":{"line":12,"column":36},"end":{"line":17,"column":5}}}},"branchMap":{},"s":{"0":1,"1":1,"2":1,"3":1,"4":1,"5":1,"6":1,"7":1},"f":{"0":1},"b":{}}
,"/Users/dayanasog/Desktop/gostack-desafio-6/src/database/index.ts": {"path":"/Users/dayanasog/Desktop/gostack-desafio-6/src/database/index.ts","statementMap":{"0":{"start":{"line":1,"column":0},"end":{"line":1,"column":77}},"1":{"start":{"line":3,"column":0},"end":{"line":15,"column":2}},"2":{"start":{"line":3,"column":22},"end":{"line":3,"column":null}},"3":{"start":{"line":4,"column":25},"end":{"line":4,"column":null}},"4":{"start":{"line":4,"column":8},"end":{"line":4,"column":null}},"5":{"start":{"line":6,"column":2},"end":{"line":14,"column":4}}},"fnMap":{"0":{"name":"(anonymous_13)","decl":{"start":{"line":3,"column":15},"end":{"line":3,"column":22}},"loc":{"start":{"line":3,"column":38},"end":{"line":15,"column":2}}}},"branchMap":{"0":{"loc":{"start":{"line":3,"column":22},"end":{"line":3,"column":null}},"type":"if","locations":[{"start":{"line":3,"column":22},"end":{"line":3,"column":null}},{"start":{"line":3,"column":22},"end":{"line":3,"column":null}}]},"1":{"loc":{"start":{"line":4,"column":25},"end":{"line":4,"column":null}},"type":"switch","locations":[{"start":{"line":4,"column":25},"end":{"line":4,"column":null}}]},"2":{"loc":{"start":{"line":11,"column":12},"end":{"line":11,"column":37}},"type":"cond-expr","locations":[{"start":{"line":11,"column":12},"end":{"line":11,"column":37}},{"start":{"line":12,"column":12},"end":{"line":12,"column":35}}]}},"s":{"0":1,"1":1,"2":3,"3":2,"4":2,"5":2},"f":{"0":2},"b":{"0":[1,1],"1":[2],"2":[2,0]}}
,"/Users/dayanasog/Desktop/gostack-desafio-6/src/database/migrations/1593682521955-CreateTransections.ts": {"path":"/Users/dayanasog/Desktop/gostack-desafio-6/src/database/migrations/1593682521955-CreateTransections.ts","statementMap":{"0":{"start":{"line":1,"column":0},"end":{"line":1,"column":65}},"1":{"start":{"line":3,"column":0},"end":{"line":3,"column":null}},"2":{"start":{"line":5,"column":15},"end":{"line":44,"column":null}},"3":{"start":{"line":6,"column":4},"end":{"line":43,"column":6}},"4":{"start":{"line":46,"column":15},"end":{"line":48,"column":null}},"5":{"start":{"line":47,"column":4},"end":{"line":47,"column":48}},"6":{"start":{"line":49,"column":0},"end":{"line":49,"column":null}}},"fnMap":{"0":{"name":"(anonymous_13)","decl":{"start":{"line":3,"column":0},"end":{"line":3,"column":null}},"loc":{"start":{"line":3,"column":0},"end":{"line":49,"column":null}}},"1":{"name":"(anonymous_15)","decl":{"start":{"line":5,"column":2},"end":{"line":5,"column":15}},"loc":{"start":{"line":5,"column":42},"end":{"line":44,"column":null}}},"2":{"name":"(anonymous_18)","decl":{"start":{"line":46,"column":2},"end":{"line":46,"column":15}},"loc":{"start":{"line":46,"column":44},"end":{"line":48,"column":null}}}},"branchMap":{"0":{"loc":{"start":{"line":6,"column":4},"end":{"line":43,"column":6}},"type":"switch","locations":[{"start":{"line":6,"column":4},"end":{"line":43,"column":6}}]},"1":{"loc":{"start":{"line":47,"column":4},"end":{"line":47,"column":48}},"type":"switch","locations":[{"start":{"line":47,"column":4},"end":{"line":47,"column":48}}]}},"s":{"0":1,"1":1,"2":1,"3":2,"4":1,"5":0,"6":1},"f":{"0":2,"1":1,"2":0},"b":{"0":[1],"1":[0]}}
,"/Users/dayanasog/Desktop/gostack-desafio-6/src/database/migrations/1593682977649-CreateCategories.ts": {"path":"/Users/dayanasog/Desktop/gostack-desafio-6/src/database/migrations/1593682977649-CreateCategories.ts","statementMap":{"0":{"start":{"line":1,"column":0},"end":{"line":1,"column":65}},"1":{"start":{"line":3,"column":0},"end":{"line":3,"column":null}},"2":{"start":{"line":5,"column":15},"end":{"line":34,"column":null}},"3":{"start":{"line":6,"column":4},"end":{"line":33,"column":6}},"4":{"start":{"line":36,"column":15},"end":{"line":38,"column":null}},"5":{"start":{"line":37,"column":4},"end":{"line":37,"column":46}},"6":{"start":{"line":39,"column":0},"end":{"line":39,"column":null}}},"fnMap":{"0":{"name":"(anonymous_13)","decl":{"start":{"line":3,"column":0},"end":{"line":3,"column":null}},"loc":{"start":{"line":3,"column":0},"end":{"line":39,"column":null}}},"1":{"name":"(anonymous_15)","decl":{"start":{"line":5,"column":2},"end":{"line":5,"column":15}},"loc":{"start":{"line":5,"column":42},"end":{"line":34,"column":null}}},"2":{"name":"(anonymous_18)","decl":{"start":{"line":36,"column":2},"end":{"line":36,"column":15}},"loc":{"start":{"line":36,"column":44},"end":{"line":38,"column":null}}}},"branchMap":{"0":{"loc":{"start":{"line":6,"column":4},"end":{"line":33,"column":6}},"type":"switch","locations":[{"start":{"line":6,"column":4},"end":{"line":33,"column":6}}]},"1":{"loc":{"start":{"line":37,"column":4},"end":{"line":37,"column":46}},"type":"switch","locations":[{"start":{"line":37,"column":4},"end":{"line":37,"column":46}}]}},"s":{"0":1,"1":1,"2":1,"3":2,"4":1,"5":0,"6":1},"f":{"0":2,"1":1,"2":0},"b":{"0":[1],"1":[0]}}
,"/Users/dayanasog/Desktop/gostack-desafio-6/src/database/migrations/1593683493846-AddCategoryIdToTransactions.ts": {"path":"/Users/dayanasog/Desktop/gostack-desafio-6/src/database/migrations/1593683493846-AddCategoryIdToTransactions.ts","statementMap":{"0":{"start":{"line":1,"column":0},"end":{"line":1,"column":null}},"1":{"start":{"line":8,"column":0},"end":{"line":8,"column":null}},"2":{"start":{"line":10,"column":15},"end":{"line":31,"column":null}},"3":{"start":{"line":11,"column":4},"end":{"line":18,"column":6}},"4":{"start":{"line":20,"column":4},"end":{"line":30,"column":6}},"5":{"start":{"line":33,"column":15},"end":{"line":36,"column":null}},"6":{"start":{"line":34,"column":4},"end":{"line":34,"column":77}},"7":{"start":{"line":35,"column":4},"end":{"line":35,"column":64}},"8":{"start":{"line":37,"column":0},"end":{"line":37,"column":null}}},"fnMap":{"0":{"name":"(anonymous_13)","decl":{"start":{"line":8,"column":0},"end":{"line":8,"column":null}},"loc":{"start":{"line":8,"column":0},"end":{"line":37,"column":null}}},"1":{"name":"(anonymous_15)","decl":{"start":{"line":10,"column":2},"end":{"line":10,"column":15}},"loc":{"start":{"line":10,"column":42},"end":{"line":31,"column":null}}},"2":{"name":"(anonymous_18)","decl":{"start":{"line":33,"column":2},"end":{"line":33,"column":15}},"loc":{"start":{"line":33,"column":44},"end":{"line":36,"column":null}}}},"branchMap":{"0":{"loc":{"start":{"line":11,"column":4},"end":{"line":18,"column":6}},"type":"switch","locations":[{"start":{"line":11,"column":4},"end":{"line":18,"column":6}}]},"1":{"loc":{"start":{"line":34,"column":4},"end":{"line":34,"column":77}},"type":"switch","locations":[{"start":{"line":34,"column":4},"end":{"line":34,"column":77}}]}},"s":{"0":1,"1":1,"2":1,"3":2,"4":2,"5":1,"6":0,"7":0,"8":1},"f":{"0":2,"1":1,"2":0},"b":{"0":[1],"1":[0]}}
,"/Users/dayanasog/Desktop/gostack-desafio-6/src/errors/AppError.ts": {"path":"/Users/dayanasog/Desktop/gostack-desafio-6/src/errors/AppError.ts","statementMap":{"0":{"start":{"line":1,"column":0},"end":{"line":1,"column":null}},"1":{"start":{"line":6,"column":31},"end":{"line":6,"column":null}},"2":{"start":{"line":7,"column":4},"end":{"line":7,"column":27}},"3":{"start":{"line":8,"column":4},"end":{"line":8,"column":33}},"4":{"start":{"line":10,"column":0},"end":{"line":10,"column":null}},"5":{"start":{"line":12,"column":0},"end":{"line":12,"column":24}}},"fnMap":{"0":{"name":"(anonymous_0)","decl":{"start":{"line":1,"column":0},"end":{"line":1,"column":null}},"loc":{"start":{"line":1,"column":0},"end":{"line":10,"column":null}}},"1":{"name":"AppError","decl":{"start":{"line":6,"column":2},"end":{"line":6,"column":14}},"loc":{"start":{"line":6,"column":47},"end":{"line":9,"column":3}}}},"branchMap":{"0":{"loc":{"start":{"line":6,"column":31},"end":{"line":6,"column":null}},"type":"if","locations":[{"start":{"line":6,"column":31},"end":{"line":6,"column":null}},{"start":{"line":6,"column":31},"end":{"line":6,"column":null}}]}},"s":{"0":1,"1":2,"2":1,"3":1,"4":1,"5":1},"f":{"0":1,"1":1},"b":{"0":[1,0]}}
,"/Users/dayanasog/Desktop/gostack-desafio-6/src/models/Category.ts": {"path":"/Users/dayanasog/Desktop/gostack-desafio-6/src/models/Category.ts","statementMap":{"0":{"start":{"line":1,"column":0},"end":{"line":1,"column":null}},"1":{"start":{"line":10,"column":0},"end":{"line":10,"column":6}},"2":{"start":{"line":12,"column":2},"end":{"line":12,"column":null}},"3":{"start":{"line":15,"column":2},"end":{"line":15,"column":null}},"4":{"start":{"line":18,"column":2},"end":{"line":18,"column":null}},"5":{"start":{"line":21,"column":2},"end":{"line":21,"column":null}},"6":{"start":{"line":10,"column":6},"end":{"line":22,"column":null}},"7":{"start":{"line":22,"column":0},"end":{"line":22,"column":null}},"8":{"start":{"line":24,"column":0},"end":{"line":24,"column":24}}},"fnMap":{"0":{"name":"(anonymous_2)","decl":{"start":{"line":10,"column":0},"end":{"line":10,"column":6}},"loc":{"start":{"line":10,"column":0},"end":{"line":10,"column":6}}}},"branchMap":{},"s":{"0":1,"1":1,"2":1,"3":1,"4":1,"5":1,"6":1,"7":1,"8":1},"f":{"0":28},"b":{}}
,"/Users/dayanasog/Desktop/gostack-desafio-6/src/models/Transaction.ts": {"path":"/Users/dayanasog/Desktop/gostack-desafio-6/src/models/Transaction.ts","statementMap":{"0":{"start":{"line":1,"column":0},"end":{"line":1,"column":null}},"1":{"start":{"line":11,"column":0},"end":{"line":11,"column":34}},"2":{"start":{"line":14,"column":0},"end":{"line":14,"column":6}},"3":{"start":{"line":16,"column":2},"end":{"line":16,"column":null}},"4":{"start":{"line":19,"column":2},"end":{"line":19,"column":null}},"5":{"start":{"line":22,"column":2},"end":{"line":22,"column":null}},"6":{"start":{"line":25,"column":2},"end":{"line":25,"column":null}},"7":{"start":{"line":29,"column":2},"end":{"line":29,"column":null}},"8":{"start":{"line":27,"column":19},"end":{"line":27,"column":28}},"9":{"start":{"line":32,"column":2},"end":{"line":32,"column":null}},"10":{"start":{"line":35,"column":2},"end":{"line":35,"column":null}},"11":{"start":{"line":38,"column":2},"end":{"line":38,"column":null}},"12":{"start":{"line":14,"column":6},"end":{"line":39,"column":null}},"13":{"start":{"line":39,"column":0},"end":{"line":39,"column":null}},"14":{"start":{"line":41,"column":0},"end":{"line":41,"column":27}}},"fnMap":{"0":{"name":"(anonymous_3)","decl":{"start":{"line":14,"column":0},"end":{"line":14,"column":6}},"loc":{"start":{"line":14,"column":0},"end":{"line":14,"column":6}}},"1":{"name":"(anonymous_5)","decl":{"start":{"line":27,"column":13},"end":{"line":27,"column":19}},"loc":{"start":{"line":27,"column":13},"end":{"line":27,"column":27}}}},"branchMap":{},"s":{"0":1,"1":1,"2":1,"3":1,"4":1,"5":1,"6":1,"7":1,"8":2,"9":1,"10":1,"11":1,"12":1,"13":1,"14":1},"f":{"0":32,"1":2},"b":{}}
,"/Users/dayanasog/Desktop/gostack-desafio-6/src/repositories/TransactionsRepository.ts": {"path":"/Users/dayanasog/Desktop/gostack-desafio-6/src/repositories/TransactionsRepository.ts","statementMap":{"0":{"start":{"line":1,"column":0},"end":{"line":1,"column":55}},"1":{"start":{"line":3,"column":0},"end":{"line":3,"column":48}},"2":{"start":{"line":12,"column":0},"end":{"line":12,"column":60}},"3":{"start":{"line":12,"column":37},"end":{"line":12,"column":47}},"4":{"start":{"line":13,"column":15},"end":{"line":42,"column":null}},"5":{"start":{"line":14,"column":25},"end":{"line":14,"column":null}},"6":{"start":{"line":14,"column":10},"end":{"line":14,"column":null}},"7":{"start":{"line":16,"column":10},"end":{"line":16,"column":32}},"8":{"start":{"line":18,"column":8},"end":{"line":28,"column":null}},"9":{"start":{"line":20,"column":12},"end":{"line":20,"column":60}},"10":{"start":{"line":21,"column":12},"end":{"line":21,"column":18}},"11":{"start":{"line":23,"column":12},"end":{"line":23,"column":61}},"12":{"start":{"line":24,"column":12},"end":{"line":24,"column":18}},"13":{"start":{"line":27,"column":12},"end":{"line":27,"column":18}},"14":{"start":{"line":30,"column":8},"end":{"line":30,"column":27}},"15":{"start":{"line":39,"column":10},"end":{"line":39,"column":35}},"16":{"start":{"line":41,"column":4},"end":{"line":41,"column":38}},"17":{"start":{"line":12,"column":6},"end":{"line":43,"column":null}},"18":{"start":{"line":43,"column":0},"end":{"line":43,"column":null}},"19":{"start":{"line":45,"column":0},"end":{"line":45,"column":38}}},"fnMap":{"0":{"name":"(anonymous_21)","decl":{"start":{"line":12,"column":0},"end":{"line":12,"column":6}},"loc":{"start":{"line":12,"column":0},"end":{"line":12,"column":6}}},"1":{"name":"(anonymous_23)","decl":{"start":{"line":13,"column":2},"end":{"line":13,"column":15}},"loc":{"start":{"line":13,"column":2},"end":{"line":42,"column":null}}},"2":{"name":"(anonymous_26)","decl":{"start":{"line":17,"column":6},"end":{"line":17,"column":7}},"loc":{"start":{"line":17,"column":31},"end":{"line":31,"column":7}}}},"branchMap":{"0":{"loc":{"start":{"line":14,"column":25},"end":{"line":14,"column":null}},"type":"switch","locations":[{"start":{"line":14,"column":25},"end":{"line":14,"column":null}}]},"1":{"loc":{"start":{"line":19,"column":10},"end":{"line":21,"column":18}},"type":"switch","locations":[{"start":{"line":19,"column":10},"end":{"line":21,"column":18}},{"start":{"line":22,"column":10},"end":{"line":24,"column":18}},{"start":{"line":26,"column":10},"end":{"line":27,"column":18}}]}},"s":{"0":1,"1":1,"2":1,"3":1,"4":1,"5":10,"6":10,"7":10,"8":7,"9":6,"10":6,"11":1,"12":1,"13":0,"14":7,"15":10,"16":10,"17":1,"18":1,"19":1},"f":{"0":13,"1":10,"2":7},"b":{"0":[10],"1":[6,1,0]}}
,"/Users/dayanasog/Desktop/gostack-desafio-6/src/routes/index.ts": {"path":"/Users/dayanasog/Desktop/gostack-desafio-6/src/routes/index.ts","statementMap":{"0":{"start":{"line":1,"column":0},"end":{"line":1,"column":33}},"1":{"start":{"line":3,"column":0},"end":{"line":3,"column":55}},"2":{"start":{"line":5,"column":15},"end":{"line":5,"column":23}},"3":{"start":{"line":7,"column":0},"end":{"line":7,"column":48}},"4":{"start":{"line":9,"column":0},"end":{"line":9,"column":22}}},"fnMap":{},"branchMap":{},"s":{"0":1,"1":1,"2":1,"3":1,"4":1},"f":{},"b":{}}
,"/Users/dayanasog/Desktop/gostack-desafio-6/src/routes/transactions.routes.ts": {"path":"/Users/dayanasog/Desktop/gostack-desafio-6/src/routes/transactions.routes.ts","statementMap":{"0":{"start":{"line":1,"column":0},"end":{"line":1,"column":33}},"1":{"start":{"line":2,"column":0},"end":{"line":2,"column":28}},"2":{"start":{"line":4,"column":0},"end":{"line":4,"column":46}},"3":{"start":{"line":6,"column":0},"end":{"line":6,"column":76}},"4":{"start":{"line":7,"column":0},"end":{"line":7,"column":76}},"5":{"start":{"line":8,"column":0},"end":{"line":8,"column":76}},"6":{"start":{"line":9,"column":0},"end":{"line":9,"column":78}},"7":{"start":{"line":11,"column":0},"end":{"line":11,"column":44}},"8":{"start":{"line":13,"column":15},"end":{"line":13,"column":35}},"9":{"start":{"line":15,"column":27},"end":{"line":15,"column":35}},"10":{"start":{"line":17,"column":0},"end":{"line":24,"column":3}},"11":{"start":{"line":17,"column":52},"end":{"line":24,"column":2}},"12":{"start":{"line":18,"column":8},"end":{"line":18,"column":77}},"13":{"start":{"line":19,"column":23},"end":{"line":19,"column":null}},"14":{"start":{"line":19,"column":8},"end":{"line":19,"column":null}},"15":{"start":{"line":21,"column":18},"end":{"line":21,"column":null}},"16":{"start":{"line":21,"column":8},"end":{"line":21,"column":null}},"17":{"start":{"line":23,"column":2},"end":{"line":23,"column":50}},"18":{"start":{"line":26,"column":0},"end":{"line":39,"column":3}},"19":{"start":{"line":26,"column":53},"end":{"line":39,"column":2}},"20":{"start":{"line":27,"column":8},"end":{"line":27,"column":43}},"21":{"start":{"line":29,"column":8},"end":{"line":29,"column":59}},"22":{"start":{"line":31,"column":22},"end":{"line":36,"column":null}},"23":{"start":{"line":31,"column":8},"end":{"line":36,"column":null}},"24":{"start":{"line":38,"column":2},"end":{"line":38,"column":36}},"25":{"start":{"line":41,"column":0},"end":{"line":49,"column":3}},"26":{"start":{"line":41,"column":58},"end":{"line":49,"column":2}},"27":{"start":{"line":42,"column":10},"end":{"line":42,"column":17}},"28":{"start":{"line":44,"column":8},"end":{"line":44,"column":59}},"29":{"start":{"line":46,"column":2},"end":{"line":46,"column":38}},"30":{"start":{"line":48,"column":2},"end":{"line":48,"column":37}},"31":{"start":{"line":51,"column":0},"end":{"line":61,"column":2}},"32":{"start":{"line":54,"column":26},"end":{"line":60,"column":null}},"33":{"start":{"line":55,"column":10},"end":{"line":55,"column":63}},"34":{"start":{"line":57,"column":25},"end":{"line":57,"column":null}},"35":{"start":{"line":57,"column":10},"end":{"line":57,"column":null}},"36":{"start":{"line":59,"column":4},"end":{"line":59,"column":39}},"37":{"start":{"line":63,"column":0},"end":{"line":63,"column":34}}},"fnMap":{"0":{"name":"(anonymous_14)","decl":{"start":{"line":17,"column":28},"end":{"line":17,"column":35}},"loc":{"start":{"line":17,"column":52},"end":{"line":24,"column":2}}},"1":{"name":"(anonymous_15)","decl":{"start":{"line":17,"column":52},"end":{"line":17,"column":null}},"loc":{"start":{"line":17,"column":52},"end":{"line":24,"column":2}}},"2":{"name":"(anonymous_17)","decl":{"start":{"line":26,"column":29},"end":{"line":26,"column":36}},"loc":{"start":{"line":26,"column":53},"end":{"line":39,"column":2}}},"3":{"name":"(anonymous_18)","decl":{"start":{"line":26,"column":53},"end":{"line":26,"column":null}},"loc":{"start":{"line":26,"column":53},"end":{"line":39,"column":2}}},"4":{"name":"(anonymous_20)","decl":{"start":{"line":41,"column":34},"end":{"line":41,"column":41}},"loc":{"start":{"line":41,"column":58},"end":{"line":49,"column":2}}},"5":{"name":"(anonymous_21)","decl":{"start":{"line":41,"column":58},"end":{"line":41,"column":null}},"loc":{"start":{"line":41,"column":58},"end":{"line":49,"column":2}}},"6":{"name":"(anonymous_23)","decl":{"start":{"line":54,"column":2},"end":{"line":54,"column":9}},"loc":{"start":{"line":54,"column":26},"end":{"line":60,"column":null}}},"7":{"name":"(anonymous_24)","decl":{"start":{"line":54,"column":26},"end":{"line":54,"column":null}},"loc":{"start":{"line":54,"column":26},"end":{"line":60,"column":null}}}},"branchMap":{},"s":{"0":1,"1":1,"2":1,"3":1,"4":1,"5":1,"6":1,"7":1,"8":1,"9":1,"10":1,"11":1,"12":1,"13":1,"14":1,"15":1,"16":1,"17":1,"18":1,"19":9,"20":9,"21":9,"22":9,"23":9,"24":8,"25":1,"26":1,"27":1,"28":1,"29":2,"30":1,"31":1,"32":1,"33":1,"34":1,"35":1,"36":1,"37":1},"f":{"0":1,"1":1,"2":9,"3":9,"4":1,"5":1,"6":1,"7":1},"b":{}}
,"/Users/dayanasog/Desktop/gostack-desafio-6/src/services/CreateTransactionService.ts": {"path":"/Users/dayanasog/Desktop/gostack-desafio-6/src/services/CreateTransactionService.ts","statementMap":{"0":{"start":{"line":1,"column":0},"end":{"line":1,"column":61}},"1":{"start":{"line":2,"column":0},"end":{"line":2,"column":42}},"2":{"start":{"line":4,"column":0},"end":{"line":4,"column":76}},"3":{"start":{"line":7,"column":0},"end":{"line":7,"column":42}},"4":{"start":{"line":16,"column":0},"end":{"line":16,"column":null}},"5":{"start":{"line":17,"column":15},"end":{"line":56,"column":null}},"6":{"start":{"line":18,"column":4},"end":{"line":18,"column":9}},"7":{"start":{"line":19,"column":4},"end":{"line":19,"column":9}},"8":{"start":{"line":20,"column":4},"end":{"line":20,"column":8}},"9":{"start":{"line":21,"column":4},"end":{"line":21,"column":12}},"10":{"start":{"line":23,"column":10},"end":{"line":23,"column":79}},"11":{"start":{"line":24,"column":10},"end":{"line":24,"column":55}},"12":{"start":{"line":26,"column":22},"end":{"line":26,"column":null}},"13":{"start":{"line":26,"column":12},"end":{"line":26,"column":22}},"14":{"start":{"line":28,"column":4},"end":{"line":30,"column":null}},"15":{"start":{"line":29,"column":6},"end":{"line":29,"column":59}},"16":{"start":{"line":32,"column":29},"end":{"line":36,"column":null}},"17":{"start":{"line":32,"column":8},"end":{"line":36,"column":null}},"18":{"start":{"line":38,"column":8},"end":{"line":38,"column":9}},"19":{"start":{"line":39,"column":6},"end":{"line":41,"column":9}},"20":{"start":{"line":43,"column":6},"end":{"line":43,"column":56}},"21":{"start":{"line":46,"column":10},"end":{"line":51,"column":7}},"22":{"start":{"line":53,"column":4},"end":{"line":53,"column":51}},"23":{"start":{"line":55,"column":4},"end":{"line":55,"column":23}},"24":{"start":{"line":57,"column":0},"end":{"line":57,"column":null}},"25":{"start":{"line":59,"column":0},"end":{"line":59,"column":40}}},"fnMap":{"0":{"name":"(anonymous_14)","decl":{"start":{"line":16,"column":0},"end":{"line":16,"column":null}},"loc":{"start":{"line":16,"column":0},"end":{"line":57,"column":null}}},"1":{"name":"(anonymous_16)","decl":{"start":{"line":17,"column":2},"end":{"line":17,"column":15}},"loc":{"start":{"line":22,"column":12},"end":{"line":56,"column":null}}}},"branchMap":{"0":{"loc":{"start":{"line":28,"column":4},"end":{"line":30,"column":null}},"type":"if","locations":[{"start":{"line":28,"column":4},"end":{"line":30,"column":null}},{"start":{"line":28,"column":4},"end":{"line":30,"column":null}}]},"1":{"loc":{"start":{"line":28,"column":8},"end":{"line":28,"column":26}},"type":"binary-expr","locations":[{"start":{"line":28,"column":8},"end":{"line":28,"column":26}},{"start":{"line":28,"column":30},"end":{"line":28,"column":43}}]},"2":{"loc":{"start":{"line":38,"column":8},"end":{"line":38,"column":9}},"type":"if","locations":[{"start":{"line":38,"column":8},"end":{"line":38,"column":9}},{"start":{"line":38,"column":8},"end":{"line":38,"column":9}}]}},"s":{"0":1,"1":1,"2":1,"3":1,"4":1,"5":1,"6":9,"7":9,"8":9,"9":9,"10":9,"11":9,"12":9,"13":9,"14":9,"15":1,"16":8,"17":8,"18":10,"19":6,"20":12,"21":8,"22":16,"23":8,"24":1,"25":1},"f":{"0":10,"1":9},"b":{"0":[1,8],"1":[9,2],"2":[2,6]}}
,"/Users/dayanasog/Desktop/gostack-desafio-6/src/services/DeleteTransactionService.ts": {"path":"/Users/dayanasog/Desktop/gostack-desafio-6/src/services/DeleteTransactionService.ts","statementMap":{"0":{"start":{"line":1,"column":0},"end":{"line":1,"column":46}},"1":{"start":{"line":3,"column":0},"end":{"line":3,"column":75}},"2":{"start":{"line":5,"column":0},"end":{"line":5,"column":42}},"3":{"start":{"line":7,"column":0},"end":{"line":7,"column":null}},"4":{"start":{"line":8,"column":15},"end":{"line":18,"column":null}},"5":{"start":{"line":9,"column":10},"end":{"line":9,"column":77}},"6":{"start":{"line":11,"column":24},"end":{"line":11,"column":null}},"7":{"start":{"line":11,"column":10},"end":{"line":11,"column":null}},"8":{"start":{"line":13,"column":4},"end":{"line":15,"column":null}},"9":{"start":{"line":14,"column":6},"end":{"line":14,"column":64}},"10":{"start":{"line":17,"column":4},"end":{"line":17,"column":52}},"11":{"start":{"line":19,"column":0},"end":{"line":19,"column":null}},"12":{"start":{"line":21,"column":0},"end":{"line":21,"column":40}}},"fnMap":{"0":{"name":"(anonymous_14)","decl":{"start":{"line":7,"column":0},"end":{"line":7,"column":null}},"loc":{"start":{"line":7,"column":0},"end":{"line":19,"column":null}}},"1":{"name":"(anonymous_16)","decl":{"start":{"line":8,"column":2},"end":{"line":8,"column":15}},"loc":{"start":{"line":8,"column":33},"end":{"line":18,"column":null}}}},"branchMap":{"0":{"loc":{"start":{"line":13,"column":4},"end":{"line":15,"column":null}},"type":"if","locations":[{"start":{"line":13,"column":4},"end":{"line":15,"column":null}},{"start":{"line":13,"column":4},"end":{"line":15,"column":null}}]}},"s":{"0":1,"1":1,"2":1,"3":1,"4":1,"5":1,"6":1,"7":1,"8":1,"9":0,"10":2,"11":1,"12":1},"f":{"0":2,"1":1},"b":{"0":[0,1]}}
,"/Users/dayanasog/Desktop/gostack-desafio-6/src/services/ImportTransactionsService.ts": {"path":"/Users/dayanasog/Desktop/gostack-desafio-6/src/services/ImportTransactionsService.ts","statementMap":{"0":{"start":{"line":1,"column":0},"end":{"line":1,"column":65}},"1":{"start":{"line":2,"column":0},"end":{"line":2,"column":33}},"2":{"start":{"line":3,"column":0},"end":{"line":3,"column":20}},"3":{"start":{"line":6,"column":0},"end":{"line":6,"column":42}},"4":{"start":{"line":8,"column":0},"end":{"line":8,"column":75}},"5":{"start":{"line":17,"column":0},"end":{"line":17,"column":null}},"6":{"start":{"line":18,"column":8},"end":{"line":86,"column":null}},"7":{"start":{"line":19,"column":10},"end":{"line":19,"column":77}},"8":{"start":{"line":20,"column":10},"end":{"line":20,"column":57}},"9":{"start":{"line":22,"column":10},"end":{"line":22,"column":60}},"10":{"start":{"line":24,"column":10},"end":{"line":26,"column":7}},"11":{"start":{"line":28,"column":10},"end":{"line":28,"column":53}},"12":{"start":{"line":30,"column":10},"end":{"line":30,"column":47}},"13":{"start":{"line":31,"column":10},"end":{"line":31,"column":36}},"14":{"start":{"line":33,"column":4},"end":{"line":42,"column":7}},"15":{"start":{"line":33,"column":34},"end":{"line":42,"column":6}},"16":{"start":{"line":34,"column":12},"end":{"line":34,"column":45}},"17":{"start":{"line":35,"column":8},"end":{"line":35,"column":null}},"18":{"start":{"line":38,"column":6},"end":{"line":38,"column":44}},"19":{"start":{"line":38,"column":37},"end":{"line":38,"column":44}},"20":{"start":{"line":40,"column":6},"end":{"line":40,"column":32}},"21":{"start":{"line":41,"column":6},"end":{"line":41,"column":58}},"22":{"start":{"line":44,"column":4},"end":{"line":44,"column":62}},"23":{"start":{"line":44,"column":33},"end":{"line":44,"column":61}},"24":{"start":{"line":46,"column":31},"end":{"line":50,"column":null}},"25":{"start":{"line":46,"column":10},"end":{"line":50,"column":null}},"26":{"start":{"line":52,"column":10},"end":{"line":54,"column":6}},"27":{"start":{"line":53,"column":30},"end":{"line":53,"column":null}},"28":{"start":{"line":56,"column":10},"end":{"line":58,"column":69}},"29":{"start":{"line":57,"column":26},"end":{"line":57,"column":70}},"30":{"start":{"line":58,"column":38},"end":{"line":58,"column":68}},"31":{"start":{"line":60,"column":10},"end":{"line":64,"column":6}},"32":{"start":{"line":61,"column":36},"end":{"line":63,"column":9}},"33":{"start":{"line":66,"column":4},"end":{"line":66,"column":51}},"34":{"start":{"line":68,"column":10},"end":{"line":68,"column":70}},"35":{"start":{"line":70,"column":10},"end":{"line":79,"column":6}},"36":{"start":{"line":71,"column":38},"end":{"line":78,"column":9}},"37":{"start":{"line":76,"column":22},"end":{"line":76,"column":null}},"38":{"start":{"line":81,"column":4},"end":{"line":81,"column":58}},"39":{"start":{"line":83,"column":4},"end":{"line":83,"column":39}},"40":{"start":{"line":85,"column":4},"end":{"line":85,"column":31}},"41":{"start":{"line":87,"column":0},"end":{"line":87,"column":null}},"42":{"start":{"line":89,"column":0},"end":{"line":89,"column":41}}},"fnMap":{"0":{"name":"(anonymous_15)","decl":{"start":{"line":17,"column":0},"end":{"line":17,"column":null}},"loc":{"start":{"line":17,"column":0},"end":{"line":87,"column":null}}},"1":{"name":"(anonymous_17)","decl":{"start":{"line":18,"column":2},"end":{"line":18,"column":8}},"loc":{"start":{"line":18,"column":32},"end":{"line":86,"column":null}}},"2":{"name":"(anonymous_20)","decl":{"start":{"line":33,"column":24},"end":{"line":33,"column":30}},"loc":{"start":{"line":33,"column":34},"end":{"line":42,"column":6}}},"3":{"name":"(anonymous_21)","decl":{"start":{"line":33,"column":34},"end":{"line":33,"column":null}},"loc":{"start":{"line":33,"column":34},"end":{"line":42,"column":6}}},"4":{"name":"(anonymous_23)","decl":{"start":{"line":34,"column":54},"end":{"line":34,"column":55}},"loc":{"start":{"line":34,"column":67},"end":{"line":35,"column":12}}},"5":{"name":"(anonymous_24)","decl":{"start":{"line":44,"column":22},"end":{"line":44,"column":29}},"loc":{"start":{"line":44,"column":29},"end":{"line":44,"column":41}}},"6":{"name":"(anonymous_25)","decl":{"start":{"line":53,"column":6},"end":{"line":53,"column":7}},"loc":{"start":{"line":53,"column":25},"end":{"line":53,"column":38}}},"7":{"name":"(anonymous_26)","decl":{"start":{"line":57,"column":14},"end":{"line":57,"column":22}},"loc":{"start":{"line":57,"column":22},"end":{"line":57,"column":27}}},"8":{"name":"(anonymous_27)","decl":{"start":{"line":58,"column":14},"end":{"line":58,"column":15}},"loc":{"start":{"line":58,"column":33},"end":{"line":58,"column":42}}},"9":{"name":"(anonymous_28)","decl":{"start":{"line":61,"column":27},"end":{"line":61,"column":32}},"loc":{"start":{"line":61,"column":32},"end":{"line":61,"column":37}}},"10":{"name":"(anonymous_29)","decl":{"start":{"line":71,"column":23},"end":{"line":71,"column":34}},"loc":{"start":{"line":71,"column":34},"end":{"line":71,"column":39}}},"11":{"name":"(anonymous_30)","decl":{"start":{"line":76,"column":10},"end":{"line":76,"column":18}},"loc":{"start":{"line":76,"column":18},"end":{"line":76,"column":30}}}},"branchMap":{"0":{"loc":{"start":{"line":38,"column":6},"end":{"line":38,"column":44}},"type":"if","locations":[{"start":{"line":38,"column":6},"end":{"line":38,"column":44}},{"start":{"line":38,"column":6},"end":{"line":38,"column":44}}]},"1":{"loc":{"start":{"line":38,"column":10},"end":{"line":38,"column":16}},"type":"binary-expr","locations":[{"start":{"line":38,"column":10},"end":{"line":38,"column":16}},{"start":{"line":38,"column":20},"end":{"line":38,"column":25}},{"start":{"line":38,"column":29},"end":{"line":38,"column":35}}]}},"s":{"0":1,"1":1,"2":1,"3":1,"4":1,"5":1,"6":1,"7":1,"8":1,"9":1,"10":1,"11":1,"12":1,"13":1,"14":1,"15":3,"16":3,"17":12,"18":3,"19":0,"20":3,"21":3,"22":2,"23":1,"24":1,"25":1,"26":1,"27":0,"28":1,"29":3,"30":3,"31":1,"32":2,"33":2,"34":1,"35":1,"36":3,"37":4,"38":2,"39":2,"40":1,"41":1,"42":1},"f":{"0":2,"1":1,"2":3,"3":3,"4":12,"5":1,"6":0,"7":3,"8":3,"9":2,"10":3,"11":4},"b":{"0":[0,3],"1":[3,3,3]}}
}
