TN:
SF:src/app.ts
FN:18,(anonymous_1)
FNF:1
FNH:1
FNDA:1,(anonymous_1)
DA:1,1
DA:2,1
DA:4,1
DA:5,1
DA:7,1
DA:8,1
DA:10,1
DA:12,1
DA:13,1
DA:15,1
DA:16,1
DA:18,1
DA:19,1
DA:20,1
DA:26,0
DA:28,0
DA:34,1
LF:17
LH:15
BRDA:19,0,0,1
BRDA:19,0,1,0
BRF:2
BRH:1
end_of_record
TN:
SF:src/config/upload.ts
FN:12,(anonymous_1)
FNF:1
FNH:1
FNDA:1,(anonymous_1)
DA:1,1
DA:2,1
DA:3,1
DA:5,1
DA:7,1
DA:13,1
DA:14,1
DA:16,1
LF:8
LH:8
BRF:0
BRH:0
end_of_record
TN:
SF:src/database/index.ts
FN:3,(anonymous_13)
FNF:1
FNH:1
FNDA:2,(anonymous_13)
DA:1,1
DA:3,3
DA:4,2
DA:6,2
LF:4
LH:4
BRDA:3,0,0,1
BRDA:3,0,1,1
BRDA:4,1,0,2
BRDA:11,2,0,2
BRDA:11,2,1,0
BRF:5
BRH:4
end_of_record
TN:
SF:src/database/migrations/1593682521955-CreateTransections.ts
FN:3,(anonymous_13)
FN:5,(anonymous_15)
FN:46,(anonymous_18)
FNF:3
FNH:2
FNDA:2,(anonymous_13)
FNDA:1,(anonymous_15)
FNDA:0,(anonymous_18)
DA:1,1
DA:3,1
DA:5,1
DA:6,2
DA:46,1
DA:47,0
DA:49,1
LF:7
LH:6
BRDA:6,0,0,1
BRDA:47,1,0,0
BRF:2
BRH:1
end_of_record
TN:
SF:src/database/migrations/1593682977649-CreateCategories.ts
FN:3,(anonymous_13)
FN:5,(anonymous_15)
FN:36,(anonymous_18)
FNF:3
FNH:2
FNDA:2,(anonymous_13)
FNDA:1,(anonymous_15)
FNDA:0,(anonymous_18)
DA:1,1
DA:3,1
DA:5,1
DA:6,2
DA:36,1
DA:37,0
DA:39,1
LF:7
LH:6
BRDA:6,0,0,1
BRDA:37,1,0,0
BRF:2
BRH:1
end_of_record
TN:
SF:src/database/migrations/1593683493846-AddCategoryIdToTransactions.ts
FN:8,(anonymous_13)
FN:10,(anonymous_15)
FN:33,(anonymous_18)
FNF:3
FNH:2
FNDA:2,(anonymous_13)
FNDA:1,(anonymous_15)
FNDA:0,(anonymous_18)
DA:1,1
DA:8,1
DA:10,1
DA:11,2
DA:20,2
DA:33,1
DA:34,0
DA:35,0
DA:37,1
LF:9
LH:7
BRDA:11,0,0,1
BRDA:34,1,0,0
BRF:2
BRH:1
end_of_record
TN:
SF:src/errors/AppError.ts
FN:1,(anonymous_0)
FN:6,AppError
FNF:2
FNH:2
FNDA:1,(anonymous_0)
FNDA:1,AppError
DA:1,1
DA:6,2
DA:7,1
DA:8,1
DA:10,1
DA:12,1
LF:6
LH:6
BRDA:6,0,0,1
BRDA:6,0,1,0
BRF:2
BRH:1
end_of_record
TN:
SF:src/models/Category.ts
FN:10,(anonymous_2)
FNF:1
FNH:1
FNDA:28,(anonymous_2)
DA:1,1
DA:10,1
DA:12,1
DA:15,1
DA:18,1
DA:21,1
DA:22,1
DA:24,1
LF:8
LH:8
BRF:0
BRH:0
end_of_record
TN:
SF:src/models/Transaction.ts
FN:14,(anonymous_3)
FN:27,(anonymous_5)
FNF:2
FNH:2
FNDA:32,(anonymous_3)
FNDA:2,(anonymous_5)
DA:1,1
DA:11,1
DA:14,1
DA:16,1
DA:19,1
DA:22,1
DA:25,1
DA:27,2
DA:29,1
DA:32,1
DA:35,1
DA:38,1
DA:39,1
DA:41,1
LF:14
LH:14
BRF:0
BRH:0
end_of_record
TN:
SF:src/repositories/TransactionsRepository.ts
FN:12,(anonymous_21)
FN:13,(anonymous_23)
FN:17,(anonymous_26)
FNF:3
FNH:3
FNDA:13,(anonymous_21)
FNDA:10,(anonymous_23)
FNDA:7,(anonymous_26)
DA:1,1
DA:3,1
DA:12,1
DA:13,1
DA:14,10
DA:16,10
DA:18,7
DA:20,6
DA:21,6
DA:23,1
DA:24,1
DA:27,0
DA:30,7
DA:39,10
DA:41,10
DA:43,1
DA:45,1
LF:17
LH:16
BRDA:14,0,0,10
BRDA:19,1,0,6
BRDA:19,1,1,1
BRDA:19,1,2,0
BRF:4
BRH:3
end_of_record
TN:
SF:src/routes/index.ts
FNF:0
FNH:0
DA:1,1
DA:3,1
DA:5,1
DA:7,1
DA:9,1
LF:5
LH:5
BRF:0
BRH:0
end_of_record
TN:
SF:src/routes/transactions.routes.ts
FN:17,(anonymous_14)
FN:17,(anonymous_15)
FN:26,(anonymous_17)
FN:26,(anonymous_18)
FN:41,(anonymous_20)
FN:41,(anonymous_21)
FN:54,(anonymous_23)
FN:54,(anonymous_24)
FNF:8
FNH:8
FNDA:1,(anonymous_14)
FNDA:1,(anonymous_15)
FNDA:9,(anonymous_17)
FNDA:9,(anonymous_18)
FNDA:1,(anonymous_20)
FNDA:1,(anonymous_21)
FNDA:1,(anonymous_23)
FNDA:1,(anonymous_24)
DA:1,1
DA:2,1
DA:4,1
DA:6,1
DA:7,1
DA:8,1
DA:9,1
DA:11,1
DA:13,1
DA:15,1
DA:17,1
DA:18,1
DA:19,1
DA:21,1
DA:23,1
DA:26,9
DA:27,9
DA:29,9
DA:31,9
DA:38,8
DA:41,1
DA:42,1
DA:44,1
DA:46,2
DA:48,1
DA:51,1
DA:54,1
DA:55,1
DA:57,1
DA:59,1
DA:63,1
LF:31
LH:31
BRF:0
BRH:0
end_of_record
TN:
SF:src/services/CreateTransactionService.ts
FN:16,(anonymous_14)
FN:17,(anonymous_16)
FNF:2
FNH:2
FNDA:10,(anonymous_14)
FNDA:9,(anonymous_16)
DA:1,1
DA:2,1
DA:4,1
DA:7,1
DA:16,1
DA:17,1
DA:18,9
DA:19,9
DA:20,9
DA:21,9
DA:23,9
DA:24,9
DA:26,9
DA:28,9
DA:29,1
DA:32,8
DA:38,10
DA:39,6
DA:43,12
DA:46,8
DA:53,16
DA:55,8
DA:57,1
DA:59,1
LF:24
LH:24
BRDA:28,0,0,1
BRDA:28,0,1,8
BRDA:28,1,0,9
BRDA:28,1,1,2
BRDA:38,2,0,2
BRDA:38,2,1,6
BRF:6
BRH:6
end_of_record
TN:
SF:src/services/DeleteTransactionService.ts
FN:7,(anonymous_14)
FN:8,(anonymous_16)
FNF:2
FNH:2
FNDA:2,(anonymous_14)
FNDA:1,(anonymous_16)
DA:1,1
DA:3,1
DA:5,1
DA:7,1
DA:8,1
DA:9,1
DA:11,1
DA:13,1
DA:14,0
DA:17,2
DA:19,1
DA:21,1
LF:12
LH:11
BRDA:13,0,0,0
BRDA:13,0,1,1
BRF:2
BRH:1
end_of_record
TN:
SF:src/services/ImportTransactionsService.ts
FN:17,(anonymous_15)
FN:18,(anonymous_17)
FN:33,(anonymous_20)
FN:33,(anonymous_21)
FN:34,(anonymous_23)
FN:44,(anonymous_24)
FN:53,(anonymous_25)
FN:57,(anonymous_26)
FN:58,(anonymous_27)
FN:61,(anonymous_28)
FN:71,(anonymous_29)
FN:76,(anonymous_30)
FNF:12
FNH:11
FNDA:2,(anonymous_15)
FNDA:1,(anonymous_17)
FNDA:3,(anonymous_20)
FNDA:3,(anonymous_21)
FNDA:12,(anonymous_23)
FNDA:1,(anonymous_24)
FNDA:0,(anonymous_25)
FNDA:3,(anonymous_26)
FNDA:3,(anonymous_27)
FNDA:2,(anonymous_28)
FNDA:3,(anonymous_29)
FNDA:4,(anonymous_30)
DA:1,1
DA:2,1
DA:3,1
DA:6,1
DA:8,1
DA:17,1
DA:18,1
DA:19,1
DA:20,1
DA:22,1
DA:24,1
DA:28,1
DA:30,1
DA:31,1
DA:33,3
DA:34,3
DA:35,12
DA:38,3
DA:40,3
DA:41,3
DA:44,2
DA:46,1
DA:52,1
DA:53,0
DA:56,1
DA:57,3
DA:58,3
DA:60,1
DA:61,2
DA:66,2
DA:68,1
DA:70,1
DA:71,3
DA:76,4
DA:81,2
DA:83,2
DA:85,1
DA:87,1
DA:89,1
LF:39
LH:38
BRDA:38,0,0,0
BRDA:38,0,1,3
BRDA:38,1,0,3
BRDA:38,1,1,3
BRDA:38,1,2,3
BRF:5
BRH:4
end_of_record
