{"/Users/dayanasog/Desktop/gostack-11/Desafios/gostack-desafio-8/src/components/FloatingCart/index.tsx": {"path":"/Users/dayanasog/Desktop/gostack-11/Desafios/gostack-desafio-8/src/components/FloatingCart/index.tsx","statementMap":{"0":{"start":{"line":18,"column":31},"end":{"line":60,"column":1}},"1":{"start":{"line":19,"column":23},"end":{"line":19,"column":32}},"2":{"start":{"line":21,"column":21},"end":{"line":21,"column":36}},"3":{"start":{"line":23,"column":20},"end":{"line":32,"column":16}},"4":{"start":{"line":25,"column":18},"end":{"line":29,"column":9}},"5":{"start":{"line":26,"column":31},"end":{"line":26,"column":63}},"6":{"start":{"line":28,"column":6},"end":{"line":28,"column":44}},"7":{"start":{"line":31,"column":4},"end":{"line":31,"column":30}},"8":{"start":{"line":34,"column":27},"end":{"line":43,"column":16}},"9":{"start":{"line":36,"column":18},"end":{"line":40,"column":9}},"10":{"start":{"line":37,"column":31},"end":{"line":37,"column":47}},"11":{"start":{"line":39,"column":6},"end":{"line":39,"column":44}},"12":{"start":{"line":42,"column":4},"end":{"line":42,"column":17}},"13":{"start":{"line":45,"column":2},"end":{"line":59,"column":4}},"14":{"start":{"line":49,"column":23},"end":{"line":49,"column":50}}},"fnMap":{"0":{"name":"(anonymous_0)","decl":{"start":{"line":18,"column":31},"end":{"line":18,"column":32}},"loc":{"start":{"line":18,"column":37},"end":{"line":60,"column":1}},"line":18},"1":{"name":"(anonymous_1)","decl":{"start":{"line":23,"column":28},"end":{"line":23,"column":29}},"loc":{"start":{"line":23,"column":34},"end":{"line":32,"column":3}},"line":23},"2":{"name":"(anonymous_2)","decl":{"start":{"line":25,"column":34},"end":{"line":25,"column":35}},"loc":{"start":{"line":25,"column":60},"end":{"line":29,"column":5}},"line":25},"3":{"name":"(anonymous_3)","decl":{"start":{"line":34,"column":35},"end":{"line":34,"column":36}},"loc":{"start":{"line":34,"column":41},"end":{"line":43,"column":3}},"line":34},"4":{"name":"(anonymous_4)","decl":{"start":{"line":36,"column":34},"end":{"line":36,"column":35}},"loc":{"start":{"line":36,"column":60},"end":{"line":40,"column":5}},"line":36},"5":{"name":"(anonymous_5)","decl":{"start":{"line":49,"column":17},"end":{"line":49,"column":18}},"loc":{"start":{"line":49,"column":23},"end":{"line":49,"column":50}},"line":49}},"branchMap":{},"s":{"0":2,"1":7,"2":7,"3":7,"4":5,"5":6,"6":6,"7":5,"8":7,"9":5,"10":6,"11":6,"12":5,"13":7,"14":1},"f":{"0":7,"1":5,"2":6,"3":5,"4":6,"5":1},"b":{},"_coverageSchema":"43e27e138ebf9cfc5966b082cf9a028302ed4184","hash":"b174ce1565f973575730d1aca4c5d55a8a5ee918"}
,"/Users/dayanasog/Desktop/gostack-11/Desafios/gostack-desafio-8/src/components/FloatingCart/styles.ts": {"path":"/Users/dayanasog/Desktop/gostack-11/Desafios/gostack-desafio-8/src/components/FloatingCart/styles.ts","statementMap":{"0":{"start":{"line":3,"column":25},"end":{"line":13,"column":1}},"1":{"start":{"line":15,"column":27},"end":{"line":17,"column":1}},"2":{"start":{"line":19,"column":30},"end":{"line":23,"column":1}},"3":{"start":{"line":25,"column":26},"end":{"line":33,"column":1}},"4":{"start":{"line":35,"column":30},"end":{"line":41,"column":1}}},"fnMap":{},"branchMap":{},"s":{"0":2,"1":2,"2":2,"3":2,"4":2},"f":{},"b":{},"_coverageSchema":"43e27e138ebf9cfc5966b082cf9a028302ed4184","hash":"be7e39a53456821ecd3392428476ae3147ead0e9"}
,"/Users/dayanasog/Desktop/gostack-11/Desafios/gostack-desafio-8/src/hooks/cart.tsx": {"path":"/Users/dayanasog/Desktop/gostack-11/Desafios/gostack-desafio-8/src/hooks/cart.tsx","statementMap":{"0":{"start":{"line":35,"column":20},"end":{"line":35,"column":59}},"1":{"start":{"line":37,"column":31},"end":{"line":123,"column":1}},"2":{"start":{"line":38,"column":34},"end":{"line":38,"column":57}},"3":{"start":{"line":40,"column":2},"end":{"line":53,"column":9}},"4":{"start":{"line":43,"column":32},"end":{"line":45,"column":7}},"5":{"start":{"line":47,"column":6},"end":{"line":49,"column":7}},"6":{"start":{"line":48,"column":8},"end":{"line":48,"column":56}},"7":{"start":{"line":52,"column":4},"end":{"line":52,"column":19}},"8":{"start":{"line":55,"column":20},"end":{"line":77,"column":3}},"9":{"start":{"line":59,"column":27},"end":{"line":59,"column":72}},"10":{"start":{"line":59,"column":49},"end":{"line":59,"column":71}},"11":{"start":{"line":61,"column":6},"end":{"line":74,"column":7}},"12":{"start":{"line":62,"column":8},"end":{"line":66,"column":10}},"13":{"start":{"line":64,"column":12},"end":{"line":64,"column":78}},"14":{"start":{"line":68,"column":8},"end":{"line":68,"column":64}},"15":{"start":{"line":70,"column":8},"end":{"line":73,"column":10}},"16":{"start":{"line":79,"column":20},"end":{"line":96,"column":3}},"17":{"start":{"line":82,"column":26},"end":{"line":86,"column":7}},"18":{"start":{"line":83,"column":8},"end":{"line":85,"column":19}},"19":{"start":{"line":88,"column":6},"end":{"line":88,"column":31}},"20":{"start":{"line":90,"column":6},"end":{"line":93,"column":8}},"21":{"start":{"line":98,"column":20},"end":{"line":115,"column":3}},"22":{"start":{"line":101,"column":26},"end":{"line":105,"column":7}},"23":{"start":{"line":102,"column":8},"end":{"line":104,"column":19}},"24":{"start":{"line":107,"column":6},"end":{"line":107,"column":31}},"25":{"start":{"line":109,"column":6},"end":{"line":112,"column":8}},"26":{"start":{"line":117,"column":16},"end":{"line":120,"column":3}},"27":{"start":{"line":118,"column":11},"end":{"line":118,"column":56}},"28":{"start":{"line":122,"column":2},"end":{"line":122,"column":79}},"29":{"start":{"line":126,"column":18},"end":{"line":126,"column":41}},"30":{"start":{"line":128,"column":2},"end":{"line":130,"column":3}},"31":{"start":{"line":129,"column":4},"end":{"line":129,"column":66}},"32":{"start":{"line":132,"column":2},"end":{"line":132,"column":17}}},"fnMap":{"0":{"name":"(anonymous_0)","decl":{"start":{"line":37,"column":31},"end":{"line":37,"column":32}},"loc":{"start":{"line":37,"column":49},"end":{"line":123,"column":1}},"line":37},"1":{"name":"(anonymous_1)","decl":{"start":{"line":40,"column":12},"end":{"line":40,"column":13}},"loc":{"start":{"line":40,"column":18},"end":{"line":53,"column":3}},"line":40},"2":{"name":"loadProducts","decl":{"start":{"line":41,"column":19},"end":{"line":41,"column":31}},"loc":{"start":{"line":41,"column":49},"end":{"line":50,"column":5}},"line":41},"3":{"name":"(anonymous_3)","decl":{"start":{"line":56,"column":4},"end":{"line":56,"column":5}},"loc":{"start":{"line":56,"column":21},"end":{"line":75,"column":5}},"line":56},"4":{"name":"(anonymous_4)","decl":{"start":{"line":59,"column":41},"end":{"line":59,"column":42}},"loc":{"start":{"line":59,"column":49},"end":{"line":59,"column":71}},"line":59},"5":{"name":"(anonymous_5)","decl":{"start":{"line":63,"column":23},"end":{"line":63,"column":24}},"loc":{"start":{"line":64,"column":12},"end":{"line":64,"column":78}},"line":64},"6":{"name":"(anonymous_6)","decl":{"start":{"line":80,"column":4},"end":{"line":80,"column":5}},"loc":{"start":{"line":80,"column":16},"end":{"line":94,"column":5}},"line":80},"7":{"name":"(anonymous_7)","decl":{"start":{"line":82,"column":39},"end":{"line":82,"column":40}},"loc":{"start":{"line":83,"column":8},"end":{"line":85,"column":19}},"line":83},"8":{"name":"(anonymous_8)","decl":{"start":{"line":99,"column":4},"end":{"line":99,"column":5}},"loc":{"start":{"line":99,"column":16},"end":{"line":113,"column":5}},"line":99},"9":{"name":"(anonymous_9)","decl":{"start":{"line":101,"column":39},"end":{"line":101,"column":40}},"loc":{"start":{"line":102,"column":8},"end":{"line":104,"column":19}},"line":102},"10":{"name":"(anonymous_10)","decl":{"start":{"line":118,"column":4},"end":{"line":118,"column":5}},"loc":{"start":{"line":118,"column":11},"end":{"line":118,"column":56}},"line":118},"11":{"name":"useCart","decl":{"start":{"line":125,"column":9},"end":{"line":125,"column":16}},"loc":{"start":{"line":125,"column":32},"end":{"line":133,"column":1}},"line":125}},"branchMap":{"0":{"loc":{"start":{"line":47,"column":6},"end":{"line":49,"column":7}},"type":"if","locations":[{"start":{"line":47,"column":6},"end":{"line":49,"column":7}},{"start":{"line":47,"column":6},"end":{"line":49,"column":7}}],"line":47},"1":{"loc":{"start":{"line":61,"column":6},"end":{"line":74,"column":7}},"type":"if","locations":[{"start":{"line":61,"column":6},"end":{"line":74,"column":7}},{"start":{"line":61,"column":6},"end":{"line":74,"column":7}}],"line":61},"2":{"loc":{"start":{"line":64,"column":12},"end":{"line":64,"column":78}},"type":"cond-expr","locations":[{"start":{"line":64,"column":34},"end":{"line":64,"column":74}},{"start":{"line":64,"column":77},"end":{"line":64,"column":78}}],"line":64},"3":{"loc":{"start":{"line":83,"column":8},"end":{"line":85,"column":19}},"type":"cond-expr","locations":[{"start":{"line":84,"column":12},"end":{"line":84,"column":58}},{"start":{"line":85,"column":12},"end":{"line":85,"column":19}}],"line":83},"4":{"loc":{"start":{"line":102,"column":8},"end":{"line":104,"column":19}},"type":"cond-expr","locations":[{"start":{"line":103,"column":12},"end":{"line":103,"column":58}},{"start":{"line":104,"column":12},"end":{"line":104,"column":19}}],"line":102},"5":{"loc":{"start":{"line":128,"column":2},"end":{"line":130,"column":3}},"type":"if","locations":[{"start":{"line":128,"column":2},"end":{"line":130,"column":3}},{"start":{"line":128,"column":2},"end":{"line":130,"column":3}}],"line":128}},"s":{"0":1,"1":1,"2":16,"3":16,"4":5,"5":5,"6":2,"7":5,"8":16,"9":4,"10":0,"11":4,"12":0,"13":0,"14":4,"15":4,"16":16,"17":3,"18":3,"19":3,"20":3,"21":16,"22":2,"23":2,"24":2,"25":2,"26":16,"27":16,"28":16,"29":16,"30":16,"31":0,"32":16},"f":{"0":16,"1":5,"2":5,"3":4,"4":0,"5":0,"6":3,"7":3,"8":2,"9":2,"10":16,"11":16},"b":{"0":[2,3],"1":[0,4],"2":[0,0],"3":[3,0],"4":[2,0],"5":[0,16]},"_coverageSchema":"43e27e138ebf9cfc5966b082cf9a028302ed4184","hash":"29175ac52c937d6a48f4ca7b398e8f8b8b83662c"}
,"/Users/dayanasog/Desktop/gostack-11/Desafios/gostack-desafio-8/src/pages/Cart/index.tsx": {"path":"/Users/dayanasog/Desktop/gostack-11/Desafios/gostack-desafio-8/src/pages/Cart/index.tsx","statementMap":{"0":{"start":{"line":46,"column":23},"end":{"line":135,"column":1}},"1":{"start":{"line":47,"column":45},"end":{"line":47,"column":54}},"2":{"start":{"line":51,"column":4},"end":{"line":51,"column":18}},"3":{"start":{"line":56,"column":4},"end":{"line":56,"column":18}},"4":{"start":{"line":59,"column":20},"end":{"line":68,"column":16}},"5":{"start":{"line":61,"column":18},"end":{"line":65,"column":9}},"6":{"start":{"line":62,"column":31},"end":{"line":62,"column":63}},"7":{"start":{"line":64,"column":6},"end":{"line":64,"column":44}},"8":{"start":{"line":67,"column":4},"end":{"line":67,"column":30}},"9":{"start":{"line":70,"column":27},"end":{"line":79,"column":16}},"10":{"start":{"line":72,"column":18},"end":{"line":76,"column":9}},"11":{"start":{"line":73,"column":31},"end":{"line":73,"column":47}},"12":{"start":{"line":75,"column":6},"end":{"line":75,"column":44}},"13":{"start":{"line":78,"column":4},"end":{"line":78,"column":17}},"14":{"start":{"line":81,"column":2},"end":{"line":134,"column":4}},"15":{"start":{"line":86,"column":32},"end":{"line":86,"column":39}},"16":{"start":{"line":92,"column":12},"end":{"line":124,"column":22}},"17":{"start":{"line":113,"column":33},"end":{"line":113,"column":57}},"18":{"start":{"line":119,"column":33},"end":{"line":119,"column":57}}},"fnMap":{"0":{"name":"(anonymous_0)","decl":{"start":{"line":46,"column":23},"end":{"line":46,"column":24}},"loc":{"start":{"line":46,"column":29},"end":{"line":135,"column":1}},"line":46},"1":{"name":"handleIncrement","decl":{"start":{"line":49,"column":11},"end":{"line":49,"column":26}},"loc":{"start":{"line":49,"column":45},"end":{"line":52,"column":3}},"line":49},"2":{"name":"handleDecrement","decl":{"start":{"line":54,"column":11},"end":{"line":54,"column":26}},"loc":{"start":{"line":54,"column":45},"end":{"line":57,"column":3}},"line":54},"3":{"name":"(anonymous_3)","decl":{"start":{"line":59,"column":28},"end":{"line":59,"column":29}},"loc":{"start":{"line":59,"column":34},"end":{"line":68,"column":3}},"line":59},"4":{"name":"(anonymous_4)","decl":{"start":{"line":61,"column":34},"end":{"line":61,"column":35}},"loc":{"start":{"line":61,"column":60},"end":{"line":65,"column":5}},"line":61},"5":{"name":"(anonymous_5)","decl":{"start":{"line":70,"column":35},"end":{"line":70,"column":36}},"loc":{"start":{"line":70,"column":41},"end":{"line":79,"column":3}},"line":70},"6":{"name":"(anonymous_6)","decl":{"start":{"line":72,"column":34},"end":{"line":72,"column":35}},"loc":{"start":{"line":72,"column":60},"end":{"line":76,"column":5}},"line":72},"7":{"name":"(anonymous_7)","decl":{"start":{"line":86,"column":24},"end":{"line":86,"column":25}},"loc":{"start":{"line":86,"column":32},"end":{"line":86,"column":39}},"line":86},"8":{"name":"(anonymous_8)","decl":{"start":{"line":91,"column":22},"end":{"line":91,"column":23}},"loc":{"start":{"line":92,"column":12},"end":{"line":124,"column":22}},"line":92},"9":{"name":"(anonymous_9)","decl":{"start":{"line":113,"column":27},"end":{"line":113,"column":28}},"loc":{"start":{"line":113,"column":33},"end":{"line":113,"column":57}},"line":113},"10":{"name":"(anonymous_10)","decl":{"start":{"line":119,"column":27},"end":{"line":119,"column":28}},"loc":{"start":{"line":119,"column":33},"end":{"line":119,"column":57}},"line":119}},"branchMap":{},"s":{"0":1,"1":5,"2":1,"3":1,"4":5,"5":5,"6":8,"7":8,"8":5,"9":5,"10":5,"11":8,"12":8,"13":5,"14":5,"15":8,"16":8,"17":1,"18":1},"f":{"0":5,"1":1,"2":1,"3":5,"4":8,"5":5,"6":8,"7":8,"8":8,"9":1,"10":1},"b":{},"_coverageSchema":"43e27e138ebf9cfc5966b082cf9a028302ed4184","hash":"7a3942ecceac1aa29fc7e738e7e1af62b0a4cb57"}
,"/Users/dayanasog/Desktop/gostack-11/Desafios/gostack-desafio-8/src/pages/Cart/styles.ts": {"path":"/Users/dayanasog/Desktop/gostack-11/Desafios/gostack-desafio-8/src/pages/Cart/styles.ts","statementMap":{"0":{"start":{"line":4,"column":25},"end":{"line":7,"column":1}},"1":{"start":{"line":9,"column":32},"end":{"line":14,"column":1}},"2":{"start":{"line":16,"column":27},"end":{"line":19,"column":1}},"3":{"start":{"line":21,"column":23},"end":{"line":27,"column":1}},"4":{"start":{"line":29,"column":28},"end":{"line":32,"column":1}},"5":{"start":{"line":34,"column":37},"end":{"line":37,"column":1}},"6":{"start":{"line":39,"column":28},"end":{"line":41,"column":1}},"7":{"start":{"line":43,"column":37},"end":{"line":45,"column":1}},"8":{"start":{"line":47,"column":30},"end":{"line":50,"column":1}},"9":{"start":{"line":52,"column":34},"end":{"line":56,"column":1}},"10":{"start":{"line":58,"column":28},"end":{"line":64,"column":1}},"11":{"start":{"line":66,"column":31},"end":{"line":73,"column":1}},"12":{"start":{"line":75,"column":31},"end":{"line":81,"column":1}},"13":{"start":{"line":83,"column":28},"end":{"line":88,"column":1}},"14":{"start":{"line":90,"column":38},"end":{"line":100,"column":1}},"15":{"start":{"line":102,"column":33},"end":{"line":109,"column":1}},"16":{"start":{"line":111,"column":29},"end":{"line":115,"column":1}}},"fnMap":{},"branchMap":{},"s":{"0":1,"1":1,"2":1,"3":1,"4":1,"5":1,"6":1,"7":1,"8":1,"9":1,"10":1,"11":1,"12":1,"13":1,"14":1,"15":1,"16":1},"f":{},"b":{},"_coverageSchema":"43e27e138ebf9cfc5966b082cf9a028302ed4184","hash":"9352ace2f0a5761c771a272c3e2c4b64cc8c5d9e"}
,"/Users/dayanasog/Desktop/gostack-11/Desafios/gostack-desafio-8/src/pages/Dashboard/index.tsx": {"path":"/Users/dayanasog/Desktop/gostack-11/Desafios/gostack-desafio-8/src/pages/Dashboard/index.tsx","statementMap":{"0":{"start":{"line":41,"column":28},"end":{"line":90,"column":1}},"1":{"start":{"line":42,"column":24},"end":{"line":42,"column":33}},"2":{"start":{"line":44,"column":34},"end":{"line":44,"column":57}},"3":{"start":{"line":46,"column":2},"end":{"line":54,"column":9}},"4":{"start":{"line":48,"column":23},"end":{"line":48,"column":49}},"5":{"start":{"line":50,"column":6},"end":{"line":50,"column":33}},"6":{"start":{"line":53,"column":4},"end":{"line":53,"column":19}},"7":{"start":{"line":57,"column":4},"end":{"line":57,"column":20}},"8":{"start":{"line":60,"column":2},"end":{"line":89,"column":4}},"9":{"start":{"line":65,"column":32},"end":{"line":65,"column":39}},"10":{"start":{"line":71,"column":12},"end":{"line":83,"column":22}},"11":{"start":{"line":78,"column":33},"end":{"line":78,"column":54}}},"fnMap":{"0":{"name":"(anonymous_0)","decl":{"start":{"line":41,"column":28},"end":{"line":41,"column":29}},"loc":{"start":{"line":41,"column":34},"end":{"line":90,"column":1}},"line":41},"1":{"name":"(anonymous_1)","decl":{"start":{"line":46,"column":12},"end":{"line":46,"column":13}},"loc":{"start":{"line":46,"column":18},"end":{"line":54,"column":3}},"line":46},"2":{"name":"loadProducts","decl":{"start":{"line":47,"column":19},"end":{"line":47,"column":31}},"loc":{"start":{"line":47,"column":49},"end":{"line":51,"column":5}},"line":47},"3":{"name":"handleAddToCart","decl":{"start":{"line":56,"column":11},"end":{"line":56,"column":26}},"loc":{"start":{"line":56,"column":48},"end":{"line":58,"column":3}},"line":56},"4":{"name":"(anonymous_4)","decl":{"start":{"line":65,"column":24},"end":{"line":65,"column":25}},"loc":{"start":{"line":65,"column":32},"end":{"line":65,"column":39}},"line":65},"5":{"name":"(anonymous_5)","decl":{"start":{"line":70,"column":22},"end":{"line":70,"column":23}},"loc":{"start":{"line":71,"column":12},"end":{"line":83,"column":22}},"line":71},"6":{"name":"(anonymous_6)","decl":{"start":{"line":78,"column":27},"end":{"line":78,"column":28}},"loc":{"start":{"line":78,"column":33},"end":{"line":78,"column":54}},"line":78}},"branchMap":{},"s":{"0":1,"1":4,"2":4,"3":4,"4":2,"5":2,"6":2,"7":1,"8":4,"9":4,"10":4,"11":1},"f":{"0":4,"1":2,"2":2,"3":1,"4":4,"5":4,"6":1},"b":{},"_coverageSchema":"43e27e138ebf9cfc5966b082cf9a028302ed4184","hash":"2364dd1b38f57383157f89ea109baa66cb9f5c3c"}
,"/Users/dayanasog/Desktop/gostack-11/Desafios/gostack-desafio-8/src/pages/Dashboard/styles.ts": {"path":"/Users/dayanasog/Desktop/gostack-11/Desafios/gostack-desafio-8/src/pages/Dashboard/styles.ts","statementMap":{"0":{"start":{"line":11,"column":25},"end":{"line":14,"column":1}},"1":{"start":{"line":16,"column":32},"end":{"line":21,"column":1}},"2":{"start":{"line":23,"column":27},"end":{"line":30,"column":1}},"3":{"start":{"line":32,"column":23},"end":{"line":38,"column":1}},"4":{"start":{"line":40,"column":28},"end":{"line":44,"column":1}},"5":{"start":{"line":46,"column":28},"end":{"line":49,"column":1}},"6":{"start":{"line":51,"column":30},"end":{"line":57,"column":1}},"7":{"start":{"line":59,"column":28},"end":{"line":63,"column":1}},"8":{"start":{"line":65,"column":29},"end":{"line":65,"column":54}}},"fnMap":{},"branchMap":{},"s":{"0":1,"1":1,"2":1,"3":1,"4":1,"5":1,"6":1,"7":1,"8":1},"f":{},"b":{},"_coverageSchema":"43e27e138ebf9cfc5966b082cf9a028302ed4184","hash":"c0988d568277238e66377efc160ddf483c6ea3d9"}
,"/Users/dayanasog/Desktop/gostack-11/Desafios/gostack-desafio-8/src/services/api.ts": {"path":"/Users/dayanasog/Desktop/gostack-11/Desafios/gostack-desafio-8/src/services/api.ts","statementMap":{"0":{"start":{"line":3,"column":12},"end":{"line":5,"column":2}}},"fnMap":{},"branchMap":{},"s":{"0":1},"f":{},"b":{},"_coverageSchema":"43e27e138ebf9cfc5966b082cf9a028302ed4184","hash":"f12561d9c7e51b23bdef8cdd20d98c287adddbab"}
,"/Users/dayanasog/Desktop/gostack-11/Desafios/gostack-desafio-8/src/utils/formatValue.ts": {"path":"/Users/dayanasog/Desktop/gostack-11/Desafios/gostack-desafio-8/src/utils/formatValue.ts","statementMap":{"0":{"start":{"line":1,"column":20},"end":{"line":5,"column":18}},"1":{"start":{"line":2,"column":2},"end":{"line":5,"column":18}}},"fnMap":{"0":{"name":"(anonymous_0)","decl":{"start":{"line":1,"column":20},"end":{"line":1,"column":21}},"loc":{"start":{"line":2,"column":2},"end":{"line":5,"column":18}},"line":2}},"branchMap":{},"s":{"0":1,"1":6},"f":{"0":6},"b":{},"_coverageSchema":"43e27e138ebf9cfc5966b082cf9a028302ed4184","hash":"b6f915c029929480f7f8d9b9631d5e176574fe1b"}
}
