TN:
SF:/Users/dayanasog/Desktop/gostack-11/Desafios/gostack-desafio-8/src/components/FloatingCart/index.tsx
FN:18,(anonymous_0)
FN:23,(anonymous_1)
FN:25,(anonymous_2)
FN:34,(anonymous_3)
FN:36,(anonymous_4)
FN:49,(anonymous_5)
FNF:6
FNH:6
FNDA:7,(anonymous_0)
FNDA:5,(anonymous_1)
FNDA:6,(anonymous_2)
FNDA:5,(anonymous_3)
FNDA:6,(anonymous_4)
FNDA:1,(anonymous_5)
DA:18,2
DA:19,7
DA:21,7
DA:23,7
DA:25,5
DA:26,6
DA:28,6
DA:31,5
DA:34,7
DA:36,5
DA:37,6
DA:39,6
DA:42,5
DA:45,7
DA:49,1
LF:15
LH:15
BRF:0
BRH:0
end_of_record
TN:
SF:/Users/dayanasog/Desktop/gostack-11/Desafios/gostack-desafio-8/src/components/FloatingCart/styles.ts
FNF:0
FNH:0
DA:3,2
DA:15,2
DA:19,2
DA:25,2
DA:35,2
LF:5
LH:5
BRF:0
BRH:0
end_of_record
TN:
SF:/Users/dayanasog/Desktop/gostack-11/Desafios/gostack-desafio-8/src/hooks/cart.tsx
FN:37,(anonymous_0)
FN:40,(anonymous_1)
FN:41,loadProducts
FN:56,(anonymous_3)
FN:59,(anonymous_4)
FN:63,(anonymous_5)
FN:80,(anonymous_6)
FN:82,(anonymous_7)
FN:99,(anonymous_8)
FN:101,(anonymous_9)
FN:118,(anonymous_10)
FN:125,useCart
FNF:12
FNH:10
FNDA:16,(anonymous_0)
FNDA:5,(anonymous_1)
FNDA:5,loadProducts
FNDA:4,(anonymous_3)
FNDA:0,(anonymous_4)
FNDA:0,(anonymous_5)
FNDA:3,(anonymous_6)
FNDA:3,(anonymous_7)
FNDA:2,(anonymous_8)
FNDA:2,(anonymous_9)
FNDA:16,(anonymous_10)
FNDA:16,useCart
DA:35,1
DA:37,1
DA:38,16
DA:40,16
DA:43,5
DA:47,5
DA:48,2
DA:52,5
DA:55,16
DA:59,4
DA:61,4
DA:62,0
DA:64,0
DA:68,4
DA:70,4
DA:79,16
DA:82,3
DA:83,3
DA:88,3
DA:90,3
DA:98,16
DA:101,2
DA:102,2
DA:107,2
DA:109,2
DA:117,16
DA:118,16
DA:122,16
DA:126,16
DA:128,16
DA:129,0
DA:132,16
LF:32
LH:29
BRDA:47,0,0,2
BRDA:47,0,1,3
BRDA:61,1,0,0
BRDA:61,1,1,4
BRDA:64,2,0,0
BRDA:64,2,1,0
BRDA:83,3,0,3
BRDA:83,3,1,0
BRDA:102,4,0,2
BRDA:102,4,1,0
BRDA:128,5,0,0
BRDA:128,5,1,16
BRF:12
BRH:6
end_of_record
TN:
SF:/Users/dayanasog/Desktop/gostack-11/Desafios/gostack-desafio-8/src/pages/Cart/index.tsx
FN:46,(anonymous_0)
FN:49,handleIncrement
FN:54,handleDecrement
FN:59,(anonymous_3)
FN:61,(anonymous_4)
FN:70,(anonymous_5)
FN:72,(anonymous_6)
FN:86,(anonymous_7)
FN:91,(anonymous_8)
FN:113,(anonymous_9)
FN:119,(anonymous_10)
FNF:11
FNH:11
FNDA:5,(anonymous_0)
FNDA:1,handleIncrement
FNDA:1,handleDecrement
FNDA:5,(anonymous_3)
FNDA:8,(anonymous_4)
FNDA:5,(anonymous_5)
FNDA:8,(anonymous_6)
FNDA:8,(anonymous_7)
FNDA:8,(anonymous_8)
FNDA:1,(anonymous_9)
FNDA:1,(anonymous_10)
DA:46,1
DA:47,5
DA:51,1
DA:56,1
DA:59,5
DA:61,5
DA:62,8
DA:64,8
DA:67,5
DA:70,5
DA:72,5
DA:73,8
DA:75,8
DA:78,5
DA:81,5
DA:86,8
DA:92,8
DA:113,1
DA:119,1
LF:19
LH:19
BRF:0
BRH:0
end_of_record
TN:
SF:/Users/dayanasog/Desktop/gostack-11/Desafios/gostack-desafio-8/src/pages/Cart/styles.ts
FNF:0
FNH:0
DA:4,1
DA:9,1
DA:16,1
DA:21,1
DA:29,1
DA:34,1
DA:39,1
DA:43,1
DA:47,1
DA:52,1
DA:58,1
DA:66,1
DA:75,1
DA:83,1
DA:90,1
DA:102,1
DA:111,1
LF:17
LH:17
BRF:0
BRH:0
end_of_record
TN:
SF:/Users/dayanasog/Desktop/gostack-11/Desafios/gostack-desafio-8/src/pages/Dashboard/index.tsx
FN:41,(anonymous_0)
FN:46,(anonymous_1)
FN:47,loadProducts
FN:56,handleAddToCart
FN:65,(anonymous_4)
FN:70,(anonymous_5)
FN:78,(anonymous_6)
FNF:7
FNH:7
FNDA:4,(anonymous_0)
FNDA:2,(anonymous_1)
FNDA:2,loadProducts
FNDA:1,handleAddToCart
FNDA:4,(anonymous_4)
FNDA:4,(anonymous_5)
FNDA:1,(anonymous_6)
DA:41,1
DA:42,4
DA:44,4
DA:46,4
DA:48,2
DA:50,2
DA:53,2
DA:57,1
DA:60,4
DA:65,4
DA:71,4
DA:78,1
LF:12
LH:12
BRF:0
BRH:0
end_of_record
TN:
SF:/Users/dayanasog/Desktop/gostack-11/Desafios/gostack-desafio-8/src/pages/Dashboard/styles.ts
FNF:0
FNH:0
DA:11,1
DA:16,1
DA:23,1
DA:32,1
DA:40,1
DA:46,1
DA:51,1
DA:59,1
DA:65,1
LF:9
LH:9
BRF:0
BRH:0
end_of_record
TN:
SF:/Users/dayanasog/Desktop/gostack-11/Desafios/gostack-desafio-8/src/services/api.ts
FNF:0
FNH:0
DA:3,1
LF:1
LH:1
BRF:0
BRH:0
end_of_record
TN:
SF:/Users/dayanasog/Desktop/gostack-11/Desafios/gostack-desafio-8/src/utils/formatValue.ts
FN:1,(anonymous_0)
FNF:1
FNH:1
FNDA:6,(anonymous_0)
DA:1,1
DA:2,6
LF:2
LH:2
BRF:0
BRH:0
end_of_record
